<?xml version="1.0" encoding="UTF-8"?>
<!-- Generated by org.testng.reporters.JUnitReportReporter -->
<testsuite hostname="WhiteDevil" failures="0" tests="1" name="com.SampleProject.Jenkins.JenkinsSample" time="14.143" errors="0" timestamp="2022-06-17T14:27:15 IST" skipped="0">
  <testcase classname="com.SampleProject.Jenkins.JenkinsSample" name="login" time="14.143"/>
  <system-out/>
</testsuite> <!-- com.SampleProject.Jenkins.JenkinsSample -->
