<?xml version="1.0" encoding="UTF-8"?>
<!-- Generated by org.testng.reporters.JUnitReportReporter -->
<testsuite hostname="WhiteDevil" failures="0" tests="1" name="com.SampleProject.Jenkins.JenkinsSampleTest" time="30.928" errors="0" timestamp="2022-06-18T14:36:05 IST" skipped="0">
  <testcase classname="com.SampleProject.Jenkins.JenkinsSampleTest" name="login" time="30.928"/>
  <system-out/>
</testsuite> <!-- com.SampleProject.Jenkins.JenkinsSampleTest -->
