<?xml version="1.0" encoding="UTF-8"?>
<!-- Generated by org.testng.reporters.JUnitReportReporter -->
<testsuite hostname="WhiteDevil" failures="0" tests="1" name="com.sample.SampleTest" time="60.496" errors="0" timestamp="2022-06-20T01:24:50 IST" skipped="0">
  <testcase classname="com.sample.SampleTest" name="login" time="60.496"/>
  <system-out/>
</testsuite> <!-- com.sample.SampleTest -->
